This file contains any messages produced by compilers while
running configure, to aid debugging if configure makes a mistake.

It was created by dropflow2D configure 0.1.0, which was
generated by GNU Autoconf 2.69.  Invocation command line was

  $ ./configure 

## --------- ##
## Platform. ##
## --------- ##

hostname = login-phoenix-gnr-2.pace.gatech.edu
uname -m = x86_64
uname -r = 5.14.0-570.62.1.el9_6.x86_64
uname -s = Linux
uname -v = #1 SMP PREEMPT_DYNAMIC Mon Nov 3 10:38:50 EST 2025

/usr/bin/uname -p = x86_64
/bin/uname -X     = unknown

/bin/arch              = x86_64
/usr/bin/arch -k       = unknown
/usr/convex/getsysinfo = unknown
/usr/bin/hostinfo      = unknown
/bin/machine           = unknown
/usr/bin/oslevel       = unknown
/bin/universe          = unknown

PATH: /usr/local/pace-apps/manual/packages/xalt/xalt/bin
PATH: /usr/local/pace-apps/spack/packages/linux-rhel9-x86_64_v3/gcc-12.3.0/mvapich2-2.3.7-1-qv3gjagtbx5e3rlbdy6iy2sfczryftyt/bin
PATH: /opt/slurm/current/bin
PATH: /opt/pmix/4.2.6/bin
PATH: /usr/local/pace-apps/spack/packages/linux-rhel9-x86_64_v3/gcc-11.3.1/gcc-12.3.0-ukkkutsxfl5kpnnaxflpkq2jtliwthfz/bin
PATH: /opt/pace-common/bin
PATH: /usr/local/bin
PATH: /usr/bin
PATH: /usr/local/sbin
PATH: /usr/sbin
PATH: /opt/iozone/bin
PATH: /storage/home/hcoda1/7/kkabilan3/bin


## ----------- ##
## Core tests. ##
## ----------- ##

configure:2086: checking for a BSD-compatible install
configure:2154: result: /usr/bin/install -c
configure:2165: checking whether build environment is sane
configure:2220: result: yes
configure:2371: checking for a thread-safe mkdir -p
configure:2410: result: /usr/bin/mkdir -p
configure:2417: checking for gawk
configure:2433: found /usr/bin/gawk
configure:2444: result: gawk
configure:2455: checking whether make sets $(MAKE)
configure:2477: result: yes
configure:2506: checking whether make supports nested variables
configure:2523: result: yes
configure:2763: checking for C++ compiler version
configure:2772: /usr/local/pace-apps/spack/packages/linux-rhel9-x86_64_v3/gcc-11.3.1/gcc-12.3.0-ukkkutsxfl5kpnnaxflpkq2jtliwthfz/bin/g++ --version >&5
g++ (Spack GCC) 12.3.0
Copyright (C) 2022 Free Software Foundation, Inc.
This is free software; see the source for copying conditions.  There is NO
warranty; not even for MERCHANTABILITY or FITNESS FOR A PARTICULAR PURPOSE.

configure:2783: $? = 0
configure:2772: /usr/local/pace-apps/spack/packages/linux-rhel9-x86_64_v3/gcc-11.3.1/gcc-12.3.0-ukkkutsxfl5kpnnaxflpkq2jtliwthfz/bin/g++ -v >&5
Reading specs from /usr/local/pace-apps/spack/packages/linux-rhel9-x86_64_v3/gcc-11.3.1/gcc-12.3.0-ukkkutsxfl5kpnnaxflpkq2jtliwthfz/lib/gcc/x86_64-pc-linux-gnu/12.3.0/specs
COLLECT_GCC=/usr/local/pace-apps/spack/packages/linux-rhel9-x86_64_v3/gcc-11.3.1/gcc-12.3.0-ukkkutsxfl5kpnnaxflpkq2jtliwthfz/bin/g++
COLLECT_LTO_WRAPPER=/usr/local/pace-apps/spack/packages/linux-rhel9-x86_64_v3/gcc-11.3.1/gcc-12.3.0-ukkkutsxfl5kpnnaxflpkq2jtliwthfz/libexec/gcc/x86_64-pc-linux-gnu/12.3.0/lto-wrapper
Target: x86_64-pc-linux-gnu
Configured with: /usr/local/pace-apps/spack-cache/stage/pace-rrahaman6/spack-stage-gcc-12.3.0-ukkkutsxfl5kpnnaxflpkq2jtliwthfz/spack-src/configure --prefix=/usr/local/pace-apps/spack/packages/linux-rhel9-x86_64_v3/gcc-11.3.1/gcc-12.3.0-ukkkutsxfl5kpnnaxflpkq2jtliwthfz --with-pkgversion='Spack GCC' --with-bugurl=https://github.com/spack/spack/issues --disable-multilib --enable-languages=c,c++,fortran --disable-nls --disable-canonical-system-headers --with-system-zlib --with-zstd-include=/usr/local/pace-apps/spack/packages/linux-rhel9-x86_64_v3/gcc-11.3.1/zstd-1.5.5-zokfqscxl2bxqzikz5ftrnx6ugyaw4m5/include --with-zstd-lib=/usr/local/pace-apps/spack/packages/linux-rhel9-x86_64_v3/gcc-11.3.1/zstd-1.5.5-zokfqscxl2bxqzikz5ftrnx6ugyaw4m5/lib --enable-bootstrap --with-mpfr-include=/usr/local/pace-apps/spack/packages/linux-rhel9-x86_64_v3/gcc-11.3.1/mpfr-4.2.0-m7mkmzmf3zi67bey54fhqinqknpjei7z/include --with-mpfr-lib=/usr/local/pace-apps/spack/packages/linux-rhel9-x86_64_v3/gcc-11.3.1/mpfr-4.2.0-m7mkmzmf3zi67bey54fhqinqknpjei7z/lib --with-gmp-include=/usr/local/pace-apps/spack/packages/linux-rhel9-x86_64_v3/gcc-11.3.1/gmp-6.2.1-yttswsdfrtbfz56kfp7acyppb4gmc7ee/include --with-gmp-lib=/usr/local/pace-apps/spack/packages/linux-rhel9-x86_64_v3/gcc-11.3.1/gmp-6.2.1-yttswsdfrtbfz56kfp7acyppb4gmc7ee/lib --with-mpc-include=/usr/local/pace-apps/spack/packages/linux-rhel9-x86_64_v3/gcc-11.3.1/mpc-1.3.1-vtihikcqinvygakbpbdbldbt62wrswhy/include --with-mpc-lib=/usr/local/pace-apps/spack/packages/linux-rhel9-x86_64_v3/gcc-11.3.1/mpc-1.3.1-vtihikcqinvygakbpbdbldbt62wrswhy/lib --without-isl --with-stage1-ldflags='-Wl,-rpath,/usr/local/pace-apps/spack/packages/linux-rhel9-x86_64_v3/gcc-11.3.1/gcc-12.3.0-ukkkutsxfl5kpnnaxflpkq2jtliwthfz/lib -Wl,-rpath,/usr/local/pace-apps/spack/packages/linux-rhel9-x86_64_v3/gcc-11.3.1/gcc-12.3.0-ukkkutsxfl5kpnnaxflpkq2jtliwthfz/lib64 -Wl,-rpath,/usr/local/pace-apps/spack/packages/linux-rhel9-x86_64_v3/gcc-11.3.1/gmp-6.2.1-yttswsdfrtbfz56kfp7acyppb4gmc7ee/lib -Wl,-rpath,/usr/local/pace-apps/spack/packages/linux-rhel9-x86_64_v3/gcc-11.3.1/mpc-1.3.1-vtihikcqinvygakbpbdbldbt62wrswhy/lib -Wl,-rpath,/usr/local/pace-apps/spack/packages/linux-rhel9-x86_64_v3/gcc-11.3.1/mpfr-4.2.0-m7mkmzmf3zi67bey54fhqinqknpjei7z/lib -Wl,-rpath,/usr/local/pace-apps/spack/packages/linux-rhel9-x86_64_v3/gcc-11.3.1/zlib-1.2.13-jv5y5e7lstxpe7urzow6wr42b44vclu3/lib -Wl,-rpath,/usr/local/pace-apps/spack/packages/linux-rhel9-x86_64_v3/gcc-11.3.1/zstd-1.5.5-zokfqscxl2bxqzikz5ftrnx6ugyaw4m5/lib' --with-boot-ldflags='-Wl,-rpath,/usr/local/pace-apps/spack/packages/linux-rhel9-x86_64_v3/gcc-11.3.1/gcc-12.3.0-ukkkutsxfl5kpnnaxflpkq2jtliwthfz/lib -Wl,-rpath,/usr/local/pace-apps/spack/packages/linux-rhel9-x86_64_v3/gcc-11.3.1/gcc-12.3.0-ukkkutsxfl5kpnnaxflpkq2jtliwthfz/lib64 -Wl,-rpath,/usr/local/pace-apps/spack/packages/linux-rhel9-x86_64_v3/gcc-11.3.1/gmp-6.2.1-yttswsdfrtbfz56kfp7acyppb4gmc7ee/lib -Wl,-rpath,/usr/local/pace-apps/spack/packages/linux-rhel9-x86_64_v3/gcc-11.3.1/mpc-1.3.1-vtihikcqinvygakbpbdbldbt62wrswhy/lib -Wl,-rpath,/usr/local/pace-apps/spack/packages/linux-rhel9-x86_64_v3/gcc-11.3.1/mpfr-4.2.0-m7mkmzmf3zi67bey54fhqinqknpjei7z/lib -Wl,-rpath,/usr/local/pace-apps/spack/packages/linux-rhel9-x86_64_v3/gcc-11.3.1/zlib-1.2.13-jv5y5e7lstxpe7urzow6wr42b44vclu3/lib -Wl,-rpath,/usr/local/pace-apps/spack/packages/linux-rhel9-x86_64_v3/gcc-11.3.1/zstd-1.5.5-zokfqscxl2bxqzikz5ftrnx6ugyaw4m5/lib -static-libstdc++ -static-libgcc' --with-build-config=spack
Thread model: posix
Supported LTO compression algorithms: zlib zstd
gcc version 12.3.0 (Spack GCC) 
configure:2783: $? = 0
configure:2772: /usr/local/pace-apps/spack/packages/linux-rhel9-x86_64_v3/gcc-11.3.1/gcc-12.3.0-ukkkutsxfl5kpnnaxflpkq2jtliwthfz/bin/g++ -V >&5
g++: error: unrecognized command-line option '-V'
g++: fatal error: no input files
compilation terminated.
configure:2783: $? = 1
configure:2772: /usr/local/pace-apps/spack/packages/linux-rhel9-x86_64_v3/gcc-11.3.1/gcc-12.3.0-ukkkutsxfl5kpnnaxflpkq2jtliwthfz/bin/g++ -qversion >&5
g++: error: unrecognized command-line option '-qversion'; did you mean '--version'?
g++: fatal error: no input files
compilation terminated.
configure:2783: $? = 1
configure:2803: checking whether the C++ compiler works
configure:2825: /usr/local/pace-apps/spack/packages/linux-rhel9-x86_64_v3/gcc-11.3.1/gcc-12.3.0-ukkkutsxfl5kpnnaxflpkq2jtliwthfz/bin/g++    conftest.cpp  >&5
configure:2829: $? = 0
configure:2877: result: yes
configure:2880: checking for C++ compiler default output file name
configure:2882: result: a.out
configure:2888: checking for suffix of executables
configure:2895: /usr/local/pace-apps/spack/packages/linux-rhel9-x86_64_v3/gcc-11.3.1/gcc-12.3.0-ukkkutsxfl5kpnnaxflpkq2jtliwthfz/bin/g++ -o conftest    conftest.cpp  >&5
configure:2899: $? = 0
configure:2921: result: 
configure:2943: checking whether we are cross compiling
configure:2951: /usr/local/pace-apps/spack/packages/linux-rhel9-x86_64_v3/gcc-11.3.1/gcc-12.3.0-ukkkutsxfl5kpnnaxflpkq2jtliwthfz/bin/g++ -o conftest    conftest.cpp  >&5
configure:2955: $? = 0
configure:2962: ./conftest
configure:2966: $? = 0
configure:2981: result: no
configure:2986: checking for suffix of object files
configure:3008: /usr/local/pace-apps/spack/packages/linux-rhel9-x86_64_v3/gcc-11.3.1/gcc-12.3.0-ukkkutsxfl5kpnnaxflpkq2jtliwthfz/bin/g++ -c   conftest.cpp >&5
configure:3012: $? = 0
configure:3033: result: o
configure:3037: checking whether we are using the GNU C++ compiler
configure:3056: /usr/local/pace-apps/spack/packages/linux-rhel9-x86_64_v3/gcc-11.3.1/gcc-12.3.0-ukkkutsxfl5kpnnaxflpkq2jtliwthfz/bin/g++ -c   conftest.cpp >&5
configure:3056: $? = 0
configure:3065: result: yes
configure:3074: checking whether /usr/local/pace-apps/spack/packages/linux-rhel9-x86_64_v3/gcc-11.3.1/gcc-12.3.0-ukkkutsxfl5kpnnaxflpkq2jtliwthfz/bin/g++ accepts -g
configure:3094: /usr/local/pace-apps/spack/packages/linux-rhel9-x86_64_v3/gcc-11.3.1/gcc-12.3.0-ukkkutsxfl5kpnnaxflpkq2jtliwthfz/bin/g++ -c -g  conftest.cpp >&5
configure:3094: $? = 0
configure:3135: result: yes
configure:3161: checking whether make supports the include directive
configure:3176: make -f confmf.GNU && cat confinc.out
this is the am__doit target
configure:3179: $? = 0
configure:3198: result: yes (GNU style)
configure:3223: checking dependency style of /usr/local/pace-apps/spack/packages/linux-rhel9-x86_64_v3/gcc-11.3.1/gcc-12.3.0-ukkkutsxfl5kpnnaxflpkq2jtliwthfz/bin/g++
configure:3334: result: gcc3
configure:3361: checking whether /usr/local/pace-apps/spack/packages/linux-rhel9-x86_64_v3/gcc-11.3.1/gcc-12.3.0-ukkkutsxfl5kpnnaxflpkq2jtliwthfz/bin/g++ accepts -std=c++17
configure:3376: /usr/local/pace-apps/spack/packages/linux-rhel9-x86_64_v3/gcc-11.3.1/gcc-12.3.0-ukkkutsxfl5kpnnaxflpkq2jtliwthfz/bin/g++ -c -g -O2 -std=c++17  conftest.cpp >&5
configure:3376: $? = 0
configure:3377: result: yes
configure:3431: Optimised build (-O2)  (use --enable-debug for -O0 -g)
configure:3446: checking how to run the C++ preprocessor
configure:3473: /usr/local/pace-apps/spack/packages/linux-rhel9-x86_64_v3/gcc-11.3.1/gcc-12.3.0-ukkkutsxfl5kpnnaxflpkq2jtliwthfz/bin/g++ -E  conftest.cpp
configure:3473: $? = 0
configure:3487: /usr/local/pace-apps/spack/packages/linux-rhel9-x86_64_v3/gcc-11.3.1/gcc-12.3.0-ukkkutsxfl5kpnnaxflpkq2jtliwthfz/bin/g++ -E  conftest.cpp
conftest.cpp:11:10: fatal error: ac_nonexistent.h: No such file or directory
   11 | #include <ac_nonexistent.h>
      |          ^~~~~~~~~~~~~~~~~~
compilation terminated.
configure:3487: $? = 1
configure: failed program was:
| /* confdefs.h */
| #define PACKAGE_NAME "dropflow2D"
| #define PACKAGE_TARNAME "dropflow2D"
| #define PACKAGE_VERSION "0.1.0"
| #define PACKAGE_STRING "dropflow2D 0.1.0"
| #define PACKAGE_BUGREPORT ""
| #define PACKAGE_URL ""
| #define PACKAGE "dropflow2D"
| #define VERSION "0.1.0"
| /* end confdefs.h.  */
| #include <ac_nonexistent.h>
configure:3512: result: /usr/local/pace-apps/spack/packages/linux-rhel9-x86_64_v3/gcc-11.3.1/gcc-12.3.0-ukkkutsxfl5kpnnaxflpkq2jtliwthfz/bin/g++ -E
configure:3532: /usr/local/pace-apps/spack/packages/linux-rhel9-x86_64_v3/gcc-11.3.1/gcc-12.3.0-ukkkutsxfl5kpnnaxflpkq2jtliwthfz/bin/g++ -E  conftest.cpp
configure:3532: $? = 0
configure:3546: /usr/local/pace-apps/spack/packages/linux-rhel9-x86_64_v3/gcc-11.3.1/gcc-12.3.0-ukkkutsxfl5kpnnaxflpkq2jtliwthfz/bin/g++ -E  conftest.cpp
conftest.cpp:11:10: fatal error: ac_nonexistent.h: No such file or directory
   11 | #include <ac_nonexistent.h>
      |          ^~~~~~~~~~~~~~~~~~
compilation terminated.
configure:3546: $? = 1
configure: failed program was:
| /* confdefs.h */
| #define PACKAGE_NAME "dropflow2D"
| #define PACKAGE_TARNAME "dropflow2D"
| #define PACKAGE_VERSION "0.1.0"
| #define PACKAGE_STRING "dropflow2D 0.1.0"
| #define PACKAGE_BUGREPORT ""
| #define PACKAGE_URL ""
| #define PACKAGE "dropflow2D"
| #define VERSION "0.1.0"
| /* end confdefs.h.  */
| #include <ac_nonexistent.h>
configure:3575: checking for grep that handles long lines and -e
configure:3633: result: /usr/bin/grep
configure:3638: checking for egrep
configure:3700: result: /usr/bin/grep -E
configure:3705: checking for ANSI C header files
configure:3725: /usr/local/pace-apps/spack/packages/linux-rhel9-x86_64_v3/gcc-11.3.1/gcc-12.3.0-ukkkutsxfl5kpnnaxflpkq2jtliwthfz/bin/g++ -c -std=c++17 -O2 -Wall -Wextra -g -O2  conftest.cpp >&5
configure:3725: $? = 0
configure:3798: /usr/local/pace-apps/spack/packages/linux-rhel9-x86_64_v3/gcc-11.3.1/gcc-12.3.0-ukkkutsxfl5kpnnaxflpkq2jtliwthfz/bin/g++ -o conftest -std=c++17 -O2 -Wall -Wextra -g -O2   conftest.cpp  >&5
configure:3798: $? = 0
configure:3798: ./conftest
configure:3798: $? = 0
configure:3809: result: yes
configure:3822: checking for sys/types.h
configure:3822: /usr/local/pace-apps/spack/packages/linux-rhel9-x86_64_v3/gcc-11.3.1/gcc-12.3.0-ukkkutsxfl5kpnnaxflpkq2jtliwthfz/bin/g++ -c -std=c++17 -O2 -Wall -Wextra -g -O2  conftest.cpp >&5
configure:3822: $? = 0
configure:3822: result: yes
configure:3822: checking for sys/stat.h
configure:3822: /usr/local/pace-apps/spack/packages/linux-rhel9-x86_64_v3/gcc-11.3.1/gcc-12.3.0-ukkkutsxfl5kpnnaxflpkq2jtliwthfz/bin/g++ -c -std=c++17 -O2 -Wall -Wextra -g -O2  conftest.cpp >&5
configure:3822: $? = 0
configure:3822: result: yes
configure:3822: checking for stdlib.h
configure:3822: /usr/local/pace-apps/spack/packages/linux-rhel9-x86_64_v3/gcc-11.3.1/gcc-12.3.0-ukkkutsxfl5kpnnaxflpkq2jtliwthfz/bin/g++ -c -std=c++17 -O2 -Wall -Wextra -g -O2  conftest.cpp >&5
configure:3822: $? = 0
configure:3822: result: yes
configure:3822: checking for string.h
configure:3822: /usr/local/pace-apps/spack/packages/linux-rhel9-x86_64_v3/gcc-11.3.1/gcc-12.3.0-ukkkutsxfl5kpnnaxflpkq2jtliwthfz/bin/g++ -c -std=c++17 -O2 -Wall -Wextra -g -O2  conftest.cpp >&5
configure:3822: $? = 0
configure:3822: result: yes
configure:3822: checking for memory.h
configure:3822: /usr/local/pace-apps/spack/packages/linux-rhel9-x86_64_v3/gcc-11.3.1/gcc-12.3.0-ukkkutsxfl5kpnnaxflpkq2jtliwthfz/bin/g++ -c -std=c++17 -O2 -Wall -Wextra -g -O2  conftest.cpp >&5
configure:3822: $? = 0
configure:3822: result: yes
configure:3822: checking for strings.h
configure:3822: /usr/local/pace-apps/spack/packages/linux-rhel9-x86_64_v3/gcc-11.3.1/gcc-12.3.0-ukkkutsxfl5kpnnaxflpkq2jtliwthfz/bin/g++ -c -std=c++17 -O2 -Wall -Wextra -g -O2  conftest.cpp >&5
configure:3822: $? = 0
configure:3822: result: yes
configure:3822: checking for inttypes.h
configure:3822: /usr/local/pace-apps/spack/packages/linux-rhel9-x86_64_v3/gcc-11.3.1/gcc-12.3.0-ukkkutsxfl5kpnnaxflpkq2jtliwthfz/bin/g++ -c -std=c++17 -O2 -Wall -Wextra -g -O2  conftest.cpp >&5
configure:3822: $? = 0
configure:3822: result: yes
configure:3822: checking for stdint.h
configure:3822: /usr/local/pace-apps/spack/packages/linux-rhel9-x86_64_v3/gcc-11.3.1/gcc-12.3.0-ukkkutsxfl5kpnnaxflpkq2jtliwthfz/bin/g++ -c -std=c++17 -O2 -Wall -Wextra -g -O2  conftest.cpp >&5
configure:3822: $? = 0
configure:3822: result: yes
configure:3822: checking for unistd.h
configure:3822: /usr/local/pace-apps/spack/packages/linux-rhel9-x86_64_v3/gcc-11.3.1/gcc-12.3.0-ukkkutsxfl5kpnnaxflpkq2jtliwthfz/bin/g++ -c -std=c++17 -O2 -Wall -Wextra -g -O2  conftest.cpp >&5
configure:3822: $? = 0
configure:3822: result: yes
configure:3837: checking cmath usability
configure:3837: /usr/local/pace-apps/spack/packages/linux-rhel9-x86_64_v3/gcc-11.3.1/gcc-12.3.0-ukkkutsxfl5kpnnaxflpkq2jtliwthfz/bin/g++ -c -std=c++17 -O2 -Wall -Wextra -g -O2  conftest.cpp >&5
configure:3837: $? = 0
configure:3837: result: yes
configure:3837: checking cmath presence
configure:3837: /usr/local/pace-apps/spack/packages/linux-rhel9-x86_64_v3/gcc-11.3.1/gcc-12.3.0-ukkkutsxfl5kpnnaxflpkq2jtliwthfz/bin/g++ -E  conftest.cpp
configure:3837: $? = 0
configure:3837: result: yes
configure:3837: checking for cmath
configure:3837: result: yes
configure:3837: checking vector usability
configure:3837: /usr/local/pace-apps/spack/packages/linux-rhel9-x86_64_v3/gcc-11.3.1/gcc-12.3.0-ukkkutsxfl5kpnnaxflpkq2jtliwthfz/bin/g++ -c -std=c++17 -O2 -Wall -Wextra -g -O2  conftest.cpp >&5
configure:3837: $? = 0
configure:3837: result: yes
configure:3837: checking vector presence
configure:3837: /usr/local/pace-apps/spack/packages/linux-rhel9-x86_64_v3/gcc-11.3.1/gcc-12.3.0-ukkkutsxfl5kpnnaxflpkq2jtliwthfz/bin/g++ -E  conftest.cpp
configure:3837: $? = 0
configure:3837: result: yes
configure:3837: checking for vector
configure:3837: result: yes
configure:3837: checking string usability
configure:3837: /usr/local/pace-apps/spack/packages/linux-rhel9-x86_64_v3/gcc-11.3.1/gcc-12.3.0-ukkkutsxfl5kpnnaxflpkq2jtliwthfz/bin/g++ -c -std=c++17 -O2 -Wall -Wextra -g -O2  conftest.cpp >&5
configure:3837: $? = 0
configure:3837: result: yes
configure:3837: checking string presence
configure:3837: /usr/local/pace-apps/spack/packages/linux-rhel9-x86_64_v3/gcc-11.3.1/gcc-12.3.0-ukkkutsxfl5kpnnaxflpkq2jtliwthfz/bin/g++ -E  conftest.cpp
configure:3837: $? = 0
configure:3837: result: yes
configure:3837: checking for string
configure:3837: result: yes
configure:3837: checking fstream usability
configure:3837: /usr/local/pace-apps/spack/packages/linux-rhel9-x86_64_v3/gcc-11.3.1/gcc-12.3.0-ukkkutsxfl5kpnnaxflpkq2jtliwthfz/bin/g++ -c -std=c++17 -O2 -Wall -Wextra -g -O2  conftest.cpp >&5
configure:3837: $? = 0
configure:3837: result: yes
configure:3837: checking fstream presence
configure:3837: /usr/local/pace-apps/spack/packages/linux-rhel9-x86_64_v3/gcc-11.3.1/gcc-12.3.0-ukkkutsxfl5kpnnaxflpkq2jtliwthfz/bin/g++ -E  conftest.cpp
configure:3837: $? = 0
configure:3837: result: yes
configure:3837: checking for fstream
configure:3837: result: yes
configure:3837: checking sstream usability
configure:3837: /usr/local/pace-apps/spack/packages/linux-rhel9-x86_64_v3/gcc-11.3.1/gcc-12.3.0-ukkkutsxfl5kpnnaxflpkq2jtliwthfz/bin/g++ -c -std=c++17 -O2 -Wall -Wextra -g -O2  conftest.cpp >&5
configure:3837: $? = 0
configure:3837: result: yes
configure:3837: checking sstream presence
configure:3837: /usr/local/pace-apps/spack/packages/linux-rhel9-x86_64_v3/gcc-11.3.1/gcc-12.3.0-ukkkutsxfl5kpnnaxflpkq2jtliwthfz/bin/g++ -E  conftest.cpp
configure:3837: $? = 0
configure:3837: result: yes
configure:3837: checking for sstream
configure:3837: result: yes
configure:3837: checking iostream usability
configure:3837: /usr/local/pace-apps/spack/packages/linux-rhel9-x86_64_v3/gcc-11.3.1/gcc-12.3.0-ukkkutsxfl5kpnnaxflpkq2jtliwthfz/bin/g++ -c -std=c++17 -O2 -Wall -Wextra -g -O2  conftest.cpp >&5
configure:3837: $? = 0
configure:3837: result: yes
configure:3837: checking iostream presence
configure:3837: /usr/local/pace-apps/spack/packages/linux-rhel9-x86_64_v3/gcc-11.3.1/gcc-12.3.0-ukkkutsxfl5kpnnaxflpkq2jtliwthfz/bin/g++ -E  conftest.cpp
configure:3837: $? = 0
configure:3837: result: yes
configure:3837: checking for iostream
configure:3837: result: yes
configure:3837: checking cstdlib usability
configure:3837: /usr/local/pace-apps/spack/packages/linux-rhel9-x86_64_v3/gcc-11.3.1/gcc-12.3.0-ukkkutsxfl5kpnnaxflpkq2jtliwthfz/bin/g++ -c -std=c++17 -O2 -Wall -Wextra -g -O2  conftest.cpp >&5
configure:3837: $? = 0
configure:3837: result: yes
configure:3837: checking cstdlib presence
configure:3837: /usr/local/pace-apps/spack/packages/linux-rhel9-x86_64_v3/gcc-11.3.1/gcc-12.3.0-ukkkutsxfl5kpnnaxflpkq2jtliwthfz/bin/g++ -E  conftest.cpp
configure:3837: $? = 0
configure:3837: result: yes
configure:3837: checking for cstdlib
configure:3837: result: yes
configure:3852: checking for sys/stat.h
configure:3852: result: yes
configure:4001: checking that generated files are newer than configure
configure:4007: result: done
configure:4030: creating ./config.status

## ---------------------- ##
## Running config.status. ##
## ---------------------- ##

This file was extended by dropflow2D config.status 0.1.0, which was
generated by GNU Autoconf 2.69.  Invocation command line was

  CONFIG_FILES    = 
  CONFIG_HEADERS  = 
  CONFIG_LINKS    = 
  CONFIG_COMMANDS = 
  $ ./config.status 

on login-phoenix-gnr-2.pace.gatech.edu

config.status:778: creating Makefile
config.status:950: executing depfiles commands
config.status:1027: cd .       && sed -e '/# am--include-marker/d' Makefile         | make -f - am--depfiles
config.status:1032: $? = 0

## ---------------- ##
## Cache variables. ##
## ---------------- ##

ac_cv_cxx_compiler_gnu=yes
ac_cv_env_CCC_set=
ac_cv_env_CCC_value=
ac_cv_env_CPPFLAGS_set=
ac_cv_env_CPPFLAGS_value=
ac_cv_env_CXXCPP_set=
ac_cv_env_CXXCPP_value=
ac_cv_env_CXXFLAGS_set=
ac_cv_env_CXXFLAGS_value=
ac_cv_env_CXX_set=set
ac_cv_env_CXX_value=/usr/local/pace-apps/spack/packages/linux-rhel9-x86_64_v3/gcc-11.3.1/gcc-12.3.0-ukkkutsxfl5kpnnaxflpkq2jtliwthfz/bin/g++
ac_cv_env_LDFLAGS_set=
ac_cv_env_LDFLAGS_value=
ac_cv_env_LIBS_set=
ac_cv_env_LIBS_value=
ac_cv_env_build_alias_set=
ac_cv_env_build_alias_value=
ac_cv_env_host_alias_set=
ac_cv_env_host_alias_value=
ac_cv_env_target_alias_set=
ac_cv_env_target_alias_value=
ac_cv_header_cmath=yes
ac_cv_header_cstdlib=yes
ac_cv_header_fstream=yes
ac_cv_header_inttypes_h=yes
ac_cv_header_iostream=yes
ac_cv_header_memory_h=yes
ac_cv_header_sstream=yes
ac_cv_header_stdc=yes
ac_cv_header_stdint_h=yes
ac_cv_header_stdlib_h=yes
ac_cv_header_string=yes
ac_cv_header_string_h=yes
ac_cv_header_strings_h=yes
ac_cv_header_sys_stat_h=yes
ac_cv_header_sys_types_h=yes
ac_cv_header_unistd_h=yes
ac_cv_header_vector=yes
ac_cv_objext=o
ac_cv_path_EGREP='/usr/bin/grep -E'
ac_cv_path_GREP=/usr/bin/grep
ac_cv_path_install='/usr/bin/install -c'
ac_cv_path_mkdir=/usr/bin/mkdir
ac_cv_prog_AWK=gawk
ac_cv_prog_CXXCPP='/usr/local/pace-apps/spack/packages/linux-rhel9-x86_64_v3/gcc-11.3.1/gcc-12.3.0-ukkkutsxfl5kpnnaxflpkq2jtliwthfz/bin/g++ -E'
ac_cv_prog_cxx_g=yes
ac_cv_prog_make_make_set=yes
am_cv_CXX_dependencies_compiler_type=gcc3
am_cv_make_support_nested_variables=yes

## ----------------- ##
## Output variables. ##
## ----------------- ##

ACLOCAL='${SHELL} /storage/cedar/cedar0/cedarp-ssuresh313-0/kavin/dropflow2D/missing aclocal-1.16'
AMDEPBACKSLASH='\'
AMDEP_FALSE='#'
AMDEP_TRUE=''
AMTAR='$${TAR-tar}'
AM_BACKSLASH='\'
AM_DEFAULT_V='$(AM_DEFAULT_VERBOSITY)'
AM_DEFAULT_VERBOSITY='1'
AM_V='$(V)'
AUTOCONF='${SHELL} /storage/cedar/cedar0/cedarp-ssuresh313-0/kavin/dropflow2D/missing autoconf'
AUTOHEADER='${SHELL} /storage/cedar/cedar0/cedarp-ssuresh313-0/kavin/dropflow2D/missing autoheader'
AUTOMAKE='${SHELL} /storage/cedar/cedar0/cedarp-ssuresh313-0/kavin/dropflow2D/missing automake-1.16'
AWK='gawk'
CPPFLAGS=''
CXX='/usr/local/pace-apps/spack/packages/linux-rhel9-x86_64_v3/gcc-11.3.1/gcc-12.3.0-ukkkutsxfl5kpnnaxflpkq2jtliwthfz/bin/g++'
CXXCPP='/usr/local/pace-apps/spack/packages/linux-rhel9-x86_64_v3/gcc-11.3.1/gcc-12.3.0-ukkkutsxfl5kpnnaxflpkq2jtliwthfz/bin/g++ -E'
CXXDEPMODE='depmode=gcc3'
CXXFLAGS='-std=c++17 -O2 -Wall -Wextra -g -O2'
CYGPATH_W='echo'
DEFS='-DPACKAGE_NAME=\"dropflow2D\" -DPACKAGE_TARNAME=\"dropflow2D\" -DPACKAGE_VERSION=\"0.1.0\" -DPACKAGE_STRING=\"dropflow2D\ 0.1.0\" -DPACKAGE_BUGREPORT=\"\" -DPACKAGE_URL=\"\" -DPACKAGE=\"dropflow2D\" -DVERSION=\"0.1.0\" -DSTDC_HEADERS=1 -DHAVE_SYS_TYPES_H=1 -DHAVE_SYS_STAT_H=1 -DHAVE_STDLIB_H=1 -DHAVE_STRING_H=1 -DHAVE_MEMORY_H=1 -DHAVE_STRINGS_H=1 -DHAVE_INTTYPES_H=1 -DHAVE_STDINT_H=1 -DHAVE_UNISTD_H=1 -DHAVE_CMATH=1 -DHAVE_VECTOR=1 -DHAVE_STRING=1 -DHAVE_FSTREAM=1 -DHAVE_SSTREAM=1 -DHAVE_IOSTREAM=1 -DHAVE_CSTDLIB=1'
DEPDIR='.deps'
ECHO_C=''
ECHO_N='-n'
ECHO_T=''
EGREP='/usr/bin/grep -E'
EXEEXT=''
GREP='/usr/bin/grep'
INSTALL_DATA='${INSTALL} -m 644'
INSTALL_PROGRAM='${INSTALL}'
INSTALL_SCRIPT='${INSTALL}'
INSTALL_STRIP_PROGRAM='$(install_sh) -c -s'
LDFLAGS=''
LIBOBJS=''
LIBS=''
LTLIBOBJS=''
MAKEINFO='${SHELL} /storage/cedar/cedar0/cedarp-ssuresh313-0/kavin/dropflow2D/missing makeinfo'
MKDIR_P='/usr/bin/mkdir -p'
OBJEXT='o'
PACKAGE='dropflow2D'
PACKAGE_BUGREPORT=''
PACKAGE_NAME='dropflow2D'
PACKAGE_STRING='dropflow2D 0.1.0'
PACKAGE_TARNAME='dropflow2D'
PACKAGE_URL=''
PACKAGE_VERSION='0.1.0'
PATH_SEPARATOR=':'
SET_MAKE=''
SHELL='/bin/sh'
STRIP=''
VERSION='0.1.0'
ac_ct_CXX=''
am__EXEEXT_FALSE=''
am__EXEEXT_TRUE='#'
am__fastdepCXX_FALSE='#'
am__fastdepCXX_TRUE=''
am__include='include'
am__isrc=''
am__leading_dot='.'
am__nodep='_no'
am__quote=''
am__tar='$${TAR-tar} chof - "$$tardir"'
am__untar='$${TAR-tar} xf -'
bindir='${exec_prefix}/bin'
build_alias=''
datadir='${datarootdir}'
datarootdir='${prefix}/share'
docdir='${datarootdir}/doc/${PACKAGE_TARNAME}'
dvidir='${docdir}'
exec_prefix='${prefix}'
host_alias=''
htmldir='${docdir}'
includedir='${prefix}/include'
infodir='${datarootdir}/info'
install_sh='${SHELL} /storage/cedar/cedar0/cedarp-ssuresh313-0/kavin/dropflow2D/install-sh'
libdir='${exec_prefix}/lib'
libexecdir='${exec_prefix}/libexec'
localedir='${datarootdir}/locale'
localstatedir='${prefix}/var'
mandir='${datarootdir}/man'
mkdir_p='$(MKDIR_P)'
oldincludedir='/usr/include'
pdfdir='${docdir}'
prefix='/usr/local'
program_transform_name='s,x,x,'
psdir='${docdir}'
runstatedir='${localstatedir}/run'
sbindir='${exec_prefix}/sbin'
sharedstatedir='${prefix}/com'
sysconfdir='${prefix}/etc'
target_alias=''

## ----------- ##
## confdefs.h. ##
## ----------- ##

/* confdefs.h */
#define PACKAGE_NAME "dropflow2D"
#define PACKAGE_TARNAME "dropflow2D"
#define PACKAGE_VERSION "0.1.0"
#define PACKAGE_STRING "dropflow2D 0.1.0"
#define PACKAGE_BUGREPORT ""
#define PACKAGE_URL ""
#define PACKAGE "dropflow2D"
#define VERSION "0.1.0"
#define STDC_HEADERS 1
#define HAVE_SYS_TYPES_H 1
#define HAVE_SYS_STAT_H 1
#define HAVE_STDLIB_H 1
#define HAVE_STRING_H 1
#define HAVE_MEMORY_H 1
#define HAVE_STRINGS_H 1
#define HAVE_INTTYPES_H 1
#define HAVE_STDINT_H 1
#define HAVE_UNISTD_H 1
#define HAVE_CMATH 1
#define HAVE_VECTOR 1
#define HAVE_STRING 1
#define HAVE_FSTREAM 1
#define HAVE_SSTREAM 1
#define HAVE_IOSTREAM 1
#define HAVE_CSTDLIB 1

configure: exit 0
